{"C:\\Users\\Gobli\\OneDrive\\Desktop\\Projects\\Websites\\coffee\\config\\CSSStub.js": {"path":"C:\\Users\\Gobli\\OneDrive\\Desktop\\Projects\\Websites\\coffee\\config\\CSSStub.js","statementMap":{"0":{"start":{"line":1,"column":0},"end":{"line":1,"column":20}}},"fnMap":{},"branchMap":{},"s":{"0":1},"f":{},"b":{},"inputSourceMap":null,"_coverageSchema":"1a1c01bbd47fc00a2c39e90264f33305004495a9","hash":"f30b3cad5bb15a1036e63fdc9700dc96eecae44e"}
,"C:\\Users\\Gobli\\OneDrive\\Desktop\\Projects\\Websites\\coffee\\src\\App.tsx": {"path":"C:\\Users\\Gobli\\OneDrive\\Desktop\\Projects\\Websites\\coffee\\src\\App.tsx","statementMap":{"0":{"start":{"line":1,"column":0},"end":{"line":1,"column":61}},"1":{"start":{"line":2,"column":0},"end":{"line":2,"column":33}},"2":{"start":{"line":3,"column":0},"end":{"line":3,"column":35}},"3":{"start":{"line":4,"column":0},"end":{"line":4,"column":37}},"4":{"start":{"line":5,"column":0},"end":{"line":5,"column":35}},"5":{"start":{"line":6,"column":0},"end":{"line":6,"column":31}},"6":{"start":{"line":12,"column":2},"end":{"line":29,"column":null}},"7":{"start":{"line":9,"column":0},"end":{"line":9,"column":24}}},"fnMap":{"0":{"name":"App","decl":{"start":{"line":9,"column":24},"end":{"line":9,"column":27}},"loc":{"start":{"line":9,"column":27},"end":{"line":30,"column":1}}}},"branchMap":{},"s":{"0":1,"1":1,"2":1,"3":1,"4":1,"5":1,"6":1,"7":1},"f":{"0":1},"b":{}}
,"C:\\Users\\Gobli\\OneDrive\\Desktop\\Projects\\Websites\\coffee\\src\\components\\bookmarkbutton.tsx": {"path":"C:\\Users\\Gobli\\OneDrive\\Desktop\\Projects\\Websites\\coffee\\src\\components\\bookmarkbutton.tsx","statementMap":{"0":{"start":{"line":2,"column":0},"end":{"line":2,"column":44}},"1":{"start":{"line":13,"column":38},"end":{"line":13,"column":63}},"2":{"start":{"line":14,"column":40},"end":{"line":14,"column":66}},"3":{"start":{"line":16,"column":4},"end":{"line":23,"column":null}},"4":{"start":{"line":17,"column":8},"end":{"line":19,"column":9}},"5":{"start":{"line":18,"column":12},"end":{"line":18,"column":null}},"6":{"start":{"line":20,"column":8},"end":{"line":22,"column":9}},"7":{"start":{"line":21,"column":12},"end":{"line":21,"column":null}},"8":{"start":{"line":25,"column":19},"end":{"line":46,"column":7}},"9":{"start":{"line":26,"column":8},"end":{"line":45,"column":9}},"10":{"start":{"line":27,"column":8},"end":{"line":27,"column":null}},"11":{"start":{"line":31,"column":12},"end":{"line":35,"column":null}},"12":{"start":{"line":39,"column":8},"end":{"line":39,"column":null}},"13":{"start":{"line":40,"column":10},"end":{"line":44,"column":null}},"14":{"start":{"line":50,"column":4},"end":{"line":58,"column":null}},"15":{"start":{"line":11,"column":0},"end":{"line":11,"column":24}}},"fnMap":{"0":{"name":"BookmarkButton","decl":{"start":{"line":11,"column":24},"end":{"line":11,"column":38}},"loc":{"start":{"line":11,"column":50},"end":{"line":59,"column":1}}},"1":{"name":"(anonymous_1)","decl":{"start":{"line":16,"column":14},"end":{"line":16,"column":16}},"loc":{"start":{"line":16,"column":18},"end":{"line":23,"column":5}}},"2":{"name":"(anonymous_2)","decl":{"start":{"line":25,"column":19},"end":{"line":25,"column":22}},"loc":{"start":{"line":25,"column":24},"end":{"line":46,"column":7}}}},"branchMap":{"0":{"loc":{"start":{"line":17,"column":8},"end":{"line":19,"column":9}},"type":"if","locations":[{"start":{"line":17,"column":8},"end":{"line":19,"column":9}}]},"1":{"loc":{"start":{"line":20,"column":8},"end":{"line":22,"column":9}},"type":"if","locations":[{"start":{"line":20,"column":8},"end":{"line":22,"column":9}}]},"2":{"loc":{"start":{"line":26,"column":8},"end":{"line":45,"column":9}},"type":"if","locations":[{"start":{"line":26,"column":8},"end":{"line":45,"column":9}},{"start":{"line":38,"column":12},"end":{"line":45,"column":9}}]}},"s":{"0":1,"1":0,"2":0,"3":0,"4":0,"5":0,"6":0,"7":0,"8":0,"9":0,"10":0,"11":0,"12":0,"13":0,"14":0,"15":1},"f":{"0":0,"1":0,"2":0},"b":{"0":[0],"1":[0],"2":[0,0]}}
,"C:\\Users\\Gobli\\OneDrive\\Desktop\\Projects\\Websites\\coffee\\src\\components\\chat.tsx": {"path":"C:\\Users\\Gobli\\OneDrive\\Desktop\\Projects\\Websites\\coffee\\src\\components\\chat.tsx","statementMap":{"0":{"start":{"line":1,"column":0},"end":{"line":1,"column":34}},"1":{"start":{"line":44,"column":4},"end":{"line":65,"column":null}},"2":{"start":{"line":12,"column":0},"end":{"line":12,"column":24}}},"fnMap":{"0":{"name":"ChatInput","decl":{"start":{"line":12,"column":24},"end":{"line":12,"column":33}},"loc":{"start":{"line":12,"column":45},"end":{"line":66,"column":1}}}},"branchMap":{},"s":{"0":1,"1":0,"2":1},"f":{"0":0},"b":{}}
,"C:\\Users\\Gobli\\OneDrive\\Desktop\\Projects\\Websites\\coffee\\src\\components\\commentbutton.tsx": {"path":"C:\\Users\\Gobli\\OneDrive\\Desktop\\Projects\\Websites\\coffee\\src\\components\\commentbutton.tsx","statementMap":{"0":{"start":{"line":1,"column":0},"end":{"line":1,"column":70}},"1":{"start":{"line":2,"column":0},"end":{"line":2,"column":44}},"2":{"start":{"line":3,"column":0},"end":{"line":3,"column":31}},"3":{"start":{"line":14,"column":34},"end":{"line":14,"column":46}},"4":{"start":{"line":15,"column":17},"end":{"line":15,"column":28}},"5":{"start":{"line":16,"column":19},"end":{"line":16,"column":31}},"6":{"start":{"line":17,"column":17},"end":{"line":17,"column":48}},"7":{"start":{"line":18,"column":30},"end":{"line":18,"column":49}},"8":{"start":{"line":19,"column":34},"end":{"line":19,"column":49}},"9":{"start":{"line":22,"column":4},"end":{"line":23,"column":null}},"10":{"start":{"line":25,"column":28},"end":{"line":25,"column":43}},"11":{"start":{"line":27,"column":23},"end":{"line":34,"column":5}},"12":{"start":{"line":28,"column":6},"end":{"line":28,"column":20}},"13":{"start":{"line":29,"column":6},"end":{"line":33,"column":null}},"14":{"start":{"line":30,"column":19},"end":{"line":30,"column":29}},"15":{"start":{"line":32,"column":8},"end":{"line":32,"column":null}},"16":{"start":{"line":36,"column":22},"end":{"line":38,"column":7}},"17":{"start":{"line":37,"column":8},"end":{"line":37,"column":23}},"18":{"start":{"line":40,"column":21},"end":{"line":48,"column":7}},"19":{"start":{"line":41,"column":8},"end":{"line":41,"column":null}},"20":{"start":{"line":42,"column":8},"end":{"line":42,"column":null}},"21":{"start":{"line":43,"column":8},"end":{"line":46,"column":null}},"22":{"start":{"line":44,"column":10},"end":{"line":44,"column":null}},"23":{"start":{"line":45,"column":10},"end":{"line":45,"column":null}},"24":{"start":{"line":52,"column":19},"end":{"line":69,"column":5}},"25":{"start":{"line":54,"column":18},"end":{"line":54,"column":47}},"26":{"start":{"line":57,"column":6},"end":{"line":63,"column":null}},"27":{"start":{"line":65,"column":8},"end":{"line":65,"column":null}},"28":{"start":{"line":71,"column":4},"end":{"line":107,"column":null}},"29":{"start":{"line":84,"column":20},"end":{"line":84,"column":75}},"30":{"start":{"line":99,"column":42},"end":{"line":99,"column":68}},"31":{"start":{"line":12,"column":0},"end":{"line":12,"column":24}}},"fnMap":{"0":{"name":"CommentButton","decl":{"start":{"line":12,"column":24},"end":{"line":12,"column":37}},"loc":{"start":{"line":12,"column":49},"end":{"line":108,"column":1}}},"1":{"name":"(anonymous_1)","decl":{"start":{"line":22,"column":14},"end":{"line":22,"column":16}},"loc":{"start":{"line":22,"column":18},"end":{"line":23,"column":5}}},"2":{"name":"(anonymous_2)","decl":{"start":{"line":27,"column":23},"end":{"line":27,"column":26}},"loc":{"start":{"line":27,"column":28},"end":{"line":34,"column":5}}},"3":{"name":"(anonymous_3)","decl":{"start":{"line":30,"column":12},"end":{"line":30,"column":15}},"loc":{"start":{"line":30,"column":19},"end":{"line":30,"column":29}}},"4":{"name":"(anonymous_4)","decl":{"start":{"line":31,"column":12},"end":{"line":31,"column":16}},"loc":{"start":{"line":31,"column":19},"end":{"line":33,"column":7}}},"5":{"name":"(anonymous_5)","decl":{"start":{"line":36,"column":22},"end":{"line":36,"column":25}},"loc":{"start":{"line":36,"column":27},"end":{"line":38,"column":7}}},"6":{"name":"(anonymous_6)","decl":{"start":{"line":40,"column":21},"end":{"line":40,"column":24}},"loc":{"start":{"line":40,"column":26},"end":{"line":48,"column":7}}},"7":{"name":"(anonymous_7)","decl":{"start":{"line":43,"column":19},"end":{"line":43,"column":21}},"loc":{"start":{"line":43,"column":23},"end":{"line":46,"column":9}}},"8":{"name":"(anonymous_8)","decl":{"start":{"line":52,"column":19},"end":{"line":52,"column":22}},"loc":{"start":{"line":52,"column":24},"end":{"line":69,"column":5}}},"9":{"name":"(anonymous_9)","decl":{"start":{"line":83,"column":28},"end":{"line":83,"column":29}},"loc":{"start":{"line":84,"column":20},"end":{"line":84,"column":75}}},"10":{"name":"(anonymous_10)","decl":{"start":{"line":99,"column":39},"end":{"line":99,"column":40}},"loc":{"start":{"line":99,"column":42},"end":{"line":99,"column":68}}}},"branchMap":{"0":{"loc":{"start":{"line":82,"column":18},"end":{"line":85,"column":20}},"type":"cond-expr","locations":[{"start":{"line":82,"column":44},"end":{"line":82,"column":48}},{"start":{"line":83,"column":18},"end":{"line":85,"column":20}}]}},"s":{"0":1,"1":1,"2":1,"3":0,"4":0,"5":0,"6":0,"7":0,"8":0,"9":0,"10":0,"11":0,"12":0,"13":0,"14":0,"15":0,"16":0,"17":0,"18":0,"19":0,"20":0,"21":0,"22":0,"23":0,"24":0,"25":0,"26":0,"27":0,"28":0,"29":0,"30":0,"31":1},"f":{"0":0,"1":0,"2":0,"3":0,"4":0,"5":0,"6":0,"7":0,"8":0,"9":0,"10":0},"b":{"0":[0,0]}}
,"C:\\Users\\Gobli\\OneDrive\\Desktop\\Projects\\Websites\\coffee\\src\\components\\likebutton.tsx": {"path":"C:\\Users\\Gobli\\OneDrive\\Desktop\\Projects\\Websites\\coffee\\src\\components\\likebutton.tsx","statementMap":{"0":{"start":{"line":2,"column":0},"end":{"line":2,"column":44}},"1":{"start":{"line":14,"column":38},"end":{"line":14,"column":60}},"2":{"start":{"line":15,"column":30},"end":{"line":15,"column":51}},"3":{"start":{"line":17,"column":4},"end":{"line":24,"column":null}},"4":{"start":{"line":18,"column":8},"end":{"line":20,"column":9}},"5":{"start":{"line":19,"column":12},"end":{"line":19,"column":null}},"6":{"start":{"line":21,"column":8},"end":{"line":23,"column":9}},"7":{"start":{"line":22,"column":12},"end":{"line":22,"column":null}},"8":{"start":{"line":26,"column":19},"end":{"line":46,"column":7}},"9":{"start":{"line":27,"column":8},"end":{"line":45,"column":9}},"10":{"start":{"line":28,"column":8},"end":{"line":28,"column":null}},"11":{"start":{"line":30,"column":12},"end":{"line":34,"column":null}},"12":{"start":{"line":38,"column":8},"end":{"line":38,"column":null}},"13":{"start":{"line":40,"column":10},"end":{"line":44,"column":null}},"14":{"start":{"line":50,"column":4},"end":{"line":57,"column":null}},"15":{"start":{"line":13,"column":0},"end":{"line":13,"column":24}}},"fnMap":{"0":{"name":"LikeButton","decl":{"start":{"line":13,"column":24},"end":{"line":13,"column":34}},"loc":{"start":{"line":13,"column":46},"end":{"line":58,"column":1}}},"1":{"name":"(anonymous_1)","decl":{"start":{"line":17,"column":14},"end":{"line":17,"column":16}},"loc":{"start":{"line":17,"column":18},"end":{"line":24,"column":5}}},"2":{"name":"(anonymous_2)","decl":{"start":{"line":26,"column":19},"end":{"line":26,"column":22}},"loc":{"start":{"line":26,"column":24},"end":{"line":46,"column":7}}}},"branchMap":{"0":{"loc":{"start":{"line":18,"column":8},"end":{"line":20,"column":9}},"type":"if","locations":[{"start":{"line":18,"column":8},"end":{"line":20,"column":9}}]},"1":{"loc":{"start":{"line":21,"column":8},"end":{"line":23,"column":9}},"type":"if","locations":[{"start":{"line":21,"column":8},"end":{"line":23,"column":9}}]},"2":{"loc":{"start":{"line":27,"column":8},"end":{"line":45,"column":9}},"type":"if","locations":[{"start":{"line":27,"column":8},"end":{"line":45,"column":9}},{"start":{"line":37,"column":12},"end":{"line":45,"column":9}}]}},"s":{"0":1,"1":0,"2":0,"3":0,"4":0,"5":0,"6":0,"7":0,"8":0,"9":0,"10":0,"11":0,"12":0,"13":0,"14":0,"15":1},"f":{"0":0,"1":0,"2":0},"b":{"0":[0],"1":[0],"2":[0,0]}}
,"C:\\Users\\Gobli\\OneDrive\\Desktop\\Projects\\Websites\\coffee\\src\\components\\menuitems.tsx": {"path":"C:\\Users\\Gobli\\OneDrive\\Desktop\\Projects\\Websites\\coffee\\src\\components\\menuitems.tsx","statementMap":{"0":{"start":{"line":1,"column":0},"end":{"line":1,"column":95}},"1":{"start":{"line":3,"column":0},"end":{"line":54,"column":2}}},"fnMap":{},"branchMap":{},"s":{"0":1,"1":1},"f":{},"b":{}}
,"C:\\Users\\Gobli\\OneDrive\\Desktop\\Projects\\Websites\\coffee\\src\\components\\post.tsx": {"path":"C:\\Users\\Gobli\\OneDrive\\Desktop\\Projects\\Websites\\coffee\\src\\components\\post.tsx","statementMap":{"0":{"start":{"line":1,"column":0},"end":{"line":1,"column":53}},"1":{"start":{"line":2,"column":0},"end":{"line":2,"column":118}},"2":{"start":{"line":3,"column":0},"end":{"line":3,"column":47}},"3":{"start":{"line":4,"column":0},"end":{"line":4,"column":44}},"4":{"start":{"line":5,"column":0},"end":{"line":5,"column":38}},"5":{"start":{"line":6,"column":0},"end":{"line":6,"column":46}},"6":{"start":{"line":7,"column":0},"end":{"line":7,"column":44}},"7":{"start":{"line":8,"column":0},"end":{"line":8,"column":28}},"8":{"start":{"line":9,"column":0},"end":{"line":9,"column":28}},"9":{"start":{"line":34,"column":26},"end":{"line":34,"column":41}},"10":{"start":{"line":35,"column":32},"end":{"line":35,"column":47}},"11":{"start":{"line":38,"column":34},"end":{"line":38,"column":46}},"12":{"start":{"line":40,"column":32},"end":{"line":40,"column":44}},"13":{"start":{"line":41,"column":15},"end":{"line":41,"column":46}},"14":{"start":{"line":42,"column":16},"end":{"line":42,"column":37}},"15":{"start":{"line":43,"column":18},"end":{"line":43,"column":41}},"16":{"start":{"line":44,"column":15},"end":{"line":44,"column":32}},"17":{"start":{"line":45,"column":28},"end":{"line":45,"column":40}},"18":{"start":{"line":48,"column":2},"end":{"line":61,"column":null}},"19":{"start":{"line":63,"column":0},"end":{"line":69,"column":null}},"20":{"start":{"line":64,"column":2},"end":{"line":68,"column":null}},"21":{"start":{"line":65,"column":19},"end":{"line":65,"column":29}},"22":{"start":{"line":67,"column":8},"end":{"line":67,"column":null}},"23":{"start":{"line":71,"column":17},"end":{"line":76,"column":3}},"24":{"start":{"line":72,"column":4},"end":{"line":74,"column":null}},"25":{"start":{"line":73,"column":8},"end":{"line":73,"column":null}},"26":{"start":{"line":78,"column":21},"end":{"line":81,"column":3}},"27":{"start":{"line":79,"column":4},"end":{"line":79,"column":18}},"28":{"start":{"line":83,"column":18},"end":{"line":85,"column":3}},"29":{"start":{"line":84,"column":4},"end":{"line":84,"column":19}},"30":{"start":{"line":87,"column":23},"end":{"line":99,"column":3}},"31":{"start":{"line":88,"column":4},"end":{"line":88,"column":null}},"32":{"start":{"line":89,"column":4},"end":{"line":91,"column":null}},"33":{"start":{"line":94,"column":4},"end":{"line":96,"column":null}},"34":{"start":{"line":98,"column":6},"end":{"line":98,"column":null}},"35":{"start":{"line":101,"column":21},"end":{"line":103,"column":3}},"36":{"start":{"line":102,"column":4},"end":{"line":102,"column":null}},"37":{"start":{"line":105,"column":19},"end":{"line":116,"column":1}},"38":{"start":{"line":106,"column":4},"end":{"line":115,"column":7}},"39":{"start":{"line":118,"column":17},"end":{"line":129,"column":3}},"40":{"start":{"line":119,"column":4},"end":{"line":128,"column":null}},"41":{"start":{"line":132,"column":36},"end":{"line":149,"column":4}},"42":{"start":{"line":151,"column":15},"end":{"line":166,"column":1}},"43":{"start":{"line":152,"column":4},"end":{"line":152,"column":null}},"44":{"start":{"line":153,"column":4},"end":{"line":163,"column":13}},"45":{"start":{"line":154,"column":8},"end":{"line":154,"column":null}},"46":{"start":{"line":155,"column":8},"end":{"line":159,"column":null}},"47":{"start":{"line":160,"column":8},"end":{"line":160,"column":null}},"48":{"start":{"line":161,"column":8},"end":{"line":161,"column":null}},"49":{"start":{"line":162,"column":8},"end":{"line":162,"column":null}},"50":{"start":{"line":169,"column":4},"end":{"line":274,"column":null}},"51":{"start":{"line":241,"column":97},"end":{"line":241,"column":123}},"52":{"start":{"line":32,"column":0},"end":{"line":32,"column":24}}},"fnMap":{"0":{"name":"Post","decl":{"start":{"line":32,"column":24},"end":{"line":32,"column":28}},"loc":{"start":{"line":32,"column":41},"end":{"line":275,"column":1}}},"1":{"name":"(anonymous_1)","decl":{"start":{"line":48,"column":12},"end":{"line":48,"column":14}},"loc":{"start":{"line":48,"column":16},"end":{"line":61,"column":1}}},"2":{"name":"(anonymous_2)","decl":{"start":{"line":63,"column":10},"end":{"line":63,"column":12}},"loc":{"start":{"line":63,"column":14},"end":{"line":69,"column":1}}},"3":{"name":"(anonymous_3)","decl":{"start":{"line":65,"column":12},"end":{"line":65,"column":15}},"loc":{"start":{"line":65,"column":19},"end":{"line":65,"column":29}}},"4":{"name":"(anonymous_4)","decl":{"start":{"line":66,"column":12},"end":{"line":66,"column":16}},"loc":{"start":{"line":66,"column":19},"end":{"line":68,"column":7}}},"5":{"name":"(anonymous_5)","decl":{"start":{"line":71,"column":17},"end":{"line":71,"column":20}},"loc":{"start":{"line":71,"column":22},"end":{"line":76,"column":3}}},"6":{"name":"(anonymous_6)","decl":{"start":{"line":72,"column":15},"end":{"line":72,"column":17}},"loc":{"start":{"line":72,"column":19},"end":{"line":74,"column":5}}},"7":{"name":"(anonymous_7)","decl":{"start":{"line":78,"column":21},"end":{"line":78,"column":24}},"loc":{"start":{"line":78,"column":26},"end":{"line":81,"column":3}}},"8":{"name":"(anonymous_8)","decl":{"start":{"line":83,"column":18},"end":{"line":83,"column":21}},"loc":{"start":{"line":83,"column":23},"end":{"line":85,"column":3}}},"9":{"name":"(anonymous_9)","decl":{"start":{"line":87,"column":23},"end":{"line":87,"column":26}},"loc":{"start":{"line":87,"column":28},"end":{"line":99,"column":3}}},"10":{"name":"(anonymous_10)","decl":{"start":{"line":101,"column":21},"end":{"line":101,"column":24}},"loc":{"start":{"line":101,"column":26},"end":{"line":103,"column":3}}},"11":{"name":"(anonymous_11)","decl":{"start":{"line":105,"column":19},"end":{"line":105,"column":22}},"loc":{"start":{"line":105,"column":24},"end":{"line":116,"column":1}}},"12":{"name":"(anonymous_12)","decl":{"start":{"line":118,"column":17},"end":{"line":118,"column":20}},"loc":{"start":{"line":118,"column":22},"end":{"line":129,"column":3}}},"13":{"name":"(anonymous_13)","decl":{"start":{"line":151,"column":15},"end":{"line":151,"column":17}},"loc":{"start":{"line":151,"column":19},"end":{"line":166,"column":1}}},"14":{"name":"(anonymous_14)","decl":{"start":{"line":153,"column":15},"end":{"line":153,"column":18}},"loc":{"start":{"line":153,"column":20},"end":{"line":163,"column":5}}},"15":{"name":"(anonymous_15)","decl":{"start":{"line":241,"column":94},"end":{"line":241,"column":95}},"loc":{"start":{"line":241,"column":97},"end":{"line":241,"column":123}}}},"branchMap":{"0":{"loc":{"start":{"line":186,"column":20},"end":{"line":192,"column":25}},"type":"cond-expr","locations":[{"start":{"line":187,"column":20},"end":{"line":190,"column":null}},{"start":{"line":192,"column":21},"end":{"line":192,"column":25}}]},"1":{"loc":{"start":{"line":211,"column":61},"end":{"line":211,"column":111}},"type":"cond-expr","locations":[{"start":{"line":211,"column":87},"end":{"line":211,"column":90}},{"start":{"line":211,"column":91},"end":{"line":211,"column":111}}]}},"s":{"0":1,"1":1,"2":1,"3":1,"4":1,"5":1,"6":1,"7":1,"8":1,"9":0,"10":0,"11":0,"12":0,"13":0,"14":0,"15":0,"16":0,"17":0,"18":0,"19":0,"20":0,"21":0,"22":0,"23":0,"24":0,"25":0,"26":0,"27":0,"28":0,"29":0,"30":0,"31":0,"32":0,"33":0,"34":0,"35":0,"36":0,"37":0,"38":0,"39":0,"40":0,"41":0,"42":0,"43":0,"44":0,"45":0,"46":0,"47":0,"48":0,"49":0,"50":0,"51":0,"52":1},"f":{"0":0,"1":0,"2":0,"3":0,"4":0,"5":0,"6":0,"7":0,"8":0,"9":0,"10":0,"11":0,"12":0,"13":0,"14":0,"15":0},"b":{"0":[0,0],"1":[0,0]}}
,"C:\\Users\\Gobli\\OneDrive\\Desktop\\Projects\\Websites\\coffee\\src\\components\\postaction.tsx": {"path":"C:\\Users\\Gobli\\OneDrive\\Desktop\\Projects\\Websites\\coffee\\src\\components\\postaction.tsx","statementMap":{"0":{"start":{"line":1,"column":0},"end":{"line":1,"column":100}},"1":{"start":{"line":2,"column":0},"end":{"line":2,"column":44}},"2":{"start":{"line":3,"column":0},"end":{"line":3,"column":46}},"3":{"start":{"line":12,"column":30},"end":{"line":12,"column":42}},"4":{"start":{"line":13,"column":20},"end":{"line":13,"column":33}},"5":{"start":{"line":14,"column":24},"end":{"line":14,"column":28}},"6":{"start":{"line":16,"column":18},"end":{"line":16,"column":23}},"7":{"start":{"line":17,"column":23},"end":{"line":17,"column":28}},"8":{"start":{"line":18,"column":17},"end":{"line":18,"column":48}},"9":{"start":{"line":20,"column":18},"end":{"line":20,"column":39}},"10":{"start":{"line":21,"column":20},"end":{"line":21,"column":43}},"11":{"start":{"line":22,"column":16},"end":{"line":22,"column":32}},"12":{"start":{"line":23,"column":17},"end":{"line":23,"column":35}},"13":{"start":{"line":24,"column":17},"end":{"line":24,"column":42}},"14":{"start":{"line":25,"column":36},"end":{"line":25,"column":48}},"15":{"start":{"line":26,"column":34},"end":{"line":26,"column":46}},"16":{"start":{"line":27,"column":28},"end":{"line":27,"column":43}},"17":{"start":{"line":28,"column":36},"end":{"line":28,"column":51}},"18":{"start":{"line":29,"column":28},"end":{"line":29,"column":43}},"19":{"start":{"line":30,"column":34},"end":{"line":30,"column":49}},"20":{"start":{"line":32,"column":4},"end":{"line":50,"column":null}},"21":{"start":{"line":33,"column":8},"end":{"line":38,"column":9}},"22":{"start":{"line":34,"column":12},"end":{"line":34,"column":null}},"23":{"start":{"line":37,"column":12},"end":{"line":37,"column":null}},"24":{"start":{"line":39,"column":8},"end":{"line":44,"column":9}},"25":{"start":{"line":40,"column":12},"end":{"line":40,"column":null}},"26":{"start":{"line":43,"column":12},"end":{"line":43,"column":null}},"27":{"start":{"line":45,"column":8},"end":{"line":47,"column":9}},"28":{"start":{"line":46,"column":12},"end":{"line":46,"column":null}},"29":{"start":{"line":54,"column":23},"end":{"line":57,"column":7}},"30":{"start":{"line":55,"column":8},"end":{"line":55,"column":22}},"31":{"start":{"line":56,"column":8},"end":{"line":56,"column":null}},"32":{"start":{"line":59,"column":22},"end":{"line":61,"column":7}},"33":{"start":{"line":60,"column":8},"end":{"line":60,"column":23}},"34":{"start":{"line":63,"column":21},"end":{"line":68,"column":7}},"35":{"start":{"line":64,"column":8},"end":{"line":66,"column":null}},"36":{"start":{"line":65,"column":12},"end":{"line":65,"column":null}},"37":{"start":{"line":70,"column":19},"end":{"line":96,"column":5}},"38":{"start":{"line":71,"column":8},"end":{"line":76,"column":9}},"39":{"start":{"line":72,"column":12},"end":{"line":72,"column":null}},"40":{"start":{"line":75,"column":12},"end":{"line":75,"column":null}},"41":{"start":{"line":78,"column":20},"end":{"line":78,"column":103}},"42":{"start":{"line":80,"column":8},"end":{"line":80,"column":null}},"43":{"start":{"line":81,"column":8},"end":{"line":93,"column":17}},"44":{"start":{"line":82,"column":12},"end":{"line":82,"column":null}},"45":{"start":{"line":83,"column":12},"end":{"line":89,"column":null}},"46":{"start":{"line":90,"column":12},"end":{"line":90,"column":null}},"47":{"start":{"line":91,"column":12},"end":{"line":91,"column":null}},"48":{"start":{"line":92,"column":12},"end":{"line":92,"column":null}},"49":{"start":{"line":97,"column":4},"end":{"line":154,"column":null}},"50":{"start":{"line":113,"column":76},"end":{"line":113,"column":101}},"51":{"start":{"line":121,"column":68},"end":{"line":121,"column":94}},"52":{"start":{"line":11,"column":0},"end":{"line":11,"column":24}}},"fnMap":{"0":{"name":"PostAction","decl":{"start":{"line":11,"column":24},"end":{"line":11,"column":34}},"loc":{"start":{"line":11,"column":46},"end":{"line":155,"column":1}}},"1":{"name":"(anonymous_1)","decl":{"start":{"line":32,"column":14},"end":{"line":32,"column":16}},"loc":{"start":{"line":32,"column":18},"end":{"line":50,"column":5}}},"2":{"name":"(anonymous_2)","decl":{"start":{"line":54,"column":23},"end":{"line":54,"column":26}},"loc":{"start":{"line":54,"column":28},"end":{"line":57,"column":7}}},"3":{"name":"(anonymous_3)","decl":{"start":{"line":59,"column":22},"end":{"line":59,"column":25}},"loc":{"start":{"line":59,"column":27},"end":{"line":61,"column":7}}},"4":{"name":"(anonymous_4)","decl":{"start":{"line":63,"column":21},"end":{"line":63,"column":24}},"loc":{"start":{"line":63,"column":26},"end":{"line":68,"column":7}}},"5":{"name":"(anonymous_5)","decl":{"start":{"line":64,"column":19},"end":{"line":64,"column":21}},"loc":{"start":{"line":64,"column":23},"end":{"line":66,"column":9}}},"6":{"name":"(anonymous_6)","decl":{"start":{"line":70,"column":19},"end":{"line":70,"column":21}},"loc":{"start":{"line":70,"column":23},"end":{"line":96,"column":5}}},"7":{"name":"(anonymous_7)","decl":{"start":{"line":81,"column":19},"end":{"line":81,"column":22}},"loc":{"start":{"line":81,"column":24},"end":{"line":93,"column":9}}},"8":{"name":"(anonymous_8)","decl":{"start":{"line":113,"column":73},"end":{"line":113,"column":74}},"loc":{"start":{"line":113,"column":76},"end":{"line":113,"column":101}}},"9":{"name":"(anonymous_9)","decl":{"start":{"line":121,"column":65},"end":{"line":121,"column":66}},"loc":{"start":{"line":121,"column":68},"end":{"line":121,"column":94}}}},"branchMap":{"0":{"loc":{"start":{"line":33,"column":8},"end":{"line":38,"column":9}},"type":"if","locations":[{"start":{"line":33,"column":8},"end":{"line":38,"column":9}},{"start":{"line":36,"column":12},"end":{"line":38,"column":9}}]},"1":{"loc":{"start":{"line":39,"column":8},"end":{"line":44,"column":9}},"type":"if","locations":[{"start":{"line":39,"column":8},"end":{"line":44,"column":9}},{"start":{"line":42,"column":12},"end":{"line":44,"column":9}}]},"2":{"loc":{"start":{"line":45,"column":8},"end":{"line":47,"column":9}},"type":"if","locations":[{"start":{"line":45,"column":8},"end":{"line":47,"column":9}}]},"3":{"loc":{"start":{"line":71,"column":8},"end":{"line":76,"column":9}},"type":"if","locations":[{"start":{"line":71,"column":8},"end":{"line":76,"column":9}},{"start":{"line":74,"column":12},"end":{"line":76,"column":9}}]}},"s":{"0":1,"1":1,"2":1,"3":0,"4":0,"5":0,"6":0,"7":0,"8":0,"9":0,"10":0,"11":0,"12":0,"13":0,"14":0,"15":0,"16":0,"17":0,"18":0,"19":0,"20":0,"21":0,"22":0,"23":0,"24":0,"25":0,"26":0,"27":0,"28":0,"29":0,"30":0,"31":0,"32":0,"33":0,"34":0,"35":0,"36":0,"37":0,"38":0,"39":0,"40":0,"41":0,"42":0,"43":0,"44":0,"45":0,"46":0,"47":0,"48":0,"49":0,"50":0,"51":0,"52":1},"f":{"0":0,"1":0,"2":0,"3":0,"4":0,"5":0,"6":0,"7":0,"8":0,"9":0},"b":{"0":[0,0],"1":[0,0],"2":[0],"3":[0,0]}}
,"C:\\Users\\Gobli\\OneDrive\\Desktop\\Projects\\Websites\\coffee\\src\\pages\\bookmarks.tsx": {"path":"C:\\Users\\Gobli\\OneDrive\\Desktop\\Projects\\Websites\\coffee\\src\\pages\\bookmarks.tsx","statementMap":{"0":{"start":{"line":2,"column":0},"end":{"line":2,"column":38}},"1":{"start":{"line":3,"column":0},"end":{"line":3,"column":49}},"2":{"start":{"line":4,"column":0},"end":{"line":4,"column":44}},"3":{"start":{"line":5,"column":0},"end":{"line":5,"column":61}},"4":{"start":{"line":6,"column":0},"end":{"line":6,"column":34}},"5":{"start":{"line":12,"column":30},"end":{"line":12,"column":49}},"6":{"start":{"line":13,"column":22},"end":{"line":13,"column":33}},"7":{"start":{"line":15,"column":4},"end":{"line":23,"column":null}},"8":{"start":{"line":16,"column":8},"end":{"line":21,"column":null}},"9":{"start":{"line":17,"column":21},"end":{"line":17,"column":31}},"10":{"start":{"line":19,"column":12},"end":{"line":19,"column":null}},"11":{"start":{"line":25,"column":4},"end":{"line":67,"column":null}},"12":{"start":{"line":54,"column":24},"end":{"line":54,"column":60}},"13":{"start":{"line":10,"column":0},"end":{"line":10,"column":24}}},"fnMap":{"0":{"name":"bookmarks","decl":{"start":{"line":10,"column":24},"end":{"line":10,"column":33}},"loc":{"start":{"line":10,"column":33},"end":{"line":68,"column":1}}},"1":{"name":"(anonymous_1)","decl":{"start":{"line":15,"column":14},"end":{"line":15,"column":16}},"loc":{"start":{"line":15,"column":18},"end":{"line":23,"column":5}}},"2":{"name":"(anonymous_2)","decl":{"start":{"line":17,"column":14},"end":{"line":17,"column":17}},"loc":{"start":{"line":17,"column":21},"end":{"line":17,"column":31}}},"3":{"name":"(anonymous_3)","decl":{"start":{"line":18,"column":14},"end":{"line":18,"column":18}},"loc":{"start":{"line":18,"column":21},"end":{"line":21,"column":9}}},"4":{"name":"(anonymous_4)","decl":{"start":{"line":40,"column":18},"end":{"line":40,"column":20}},"loc":{"start":{"line":40,"column":22},"end":{"line":40,"column":24}}},"5":{"name":"(anonymous_5)","decl":{"start":{"line":53,"column":30},"end":{"line":53,"column":31}},"loc":{"start":{"line":54,"column":24},"end":{"line":54,"column":60}}}},"branchMap":{"0":{"loc":{"start":{"line":52,"column":20},"end":{"line":55,"column":22}},"type":"cond-expr","locations":[{"start":{"line":52,"column":46},"end":{"line":52,"column":50}},{"start":{"line":53,"column":20},"end":{"line":55,"column":22}}]}},"s":{"0":1,"1":1,"2":1,"3":1,"4":1,"5":0,"6":0,"7":0,"8":0,"9":0,"10":0,"11":0,"12":0,"13":1},"f":{"0":0,"1":0,"2":0,"3":0,"4":0,"5":0},"b":{"0":[0,0]}}
,"C:\\Users\\Gobli\\OneDrive\\Desktop\\Projects\\Websites\\coffee\\src\\pages\\chat.tsx": {"path":"C:\\Users\\Gobli\\OneDrive\\Desktop\\Projects\\Websites\\coffee\\src\\pages\\chat.tsx","statementMap":{"0":{"start":{"line":1,"column":0},"end":{"line":1,"column":53}},"1":{"start":{"line":2,"column":0},"end":{"line":2,"column":49}},"2":{"start":{"line":3,"column":0},"end":{"line":3,"column":33}},"3":{"start":{"line":8,"column":28},"end":{"line":8,"column":40}},"4":{"start":{"line":18,"column":23},"end":{"line":20,"column":5}},"5":{"start":{"line":19,"column":8},"end":{"line":19,"column":null}},"6":{"start":{"line":22,"column":4},"end":{"line":56,"column":null}},"7":{"start":{"line":47,"column":36},"end":{"line":47,"column":59}},"8":{"start":{"line":6,"column":0},"end":{"line":6,"column":24}}},"fnMap":{"0":{"name":"Chats","decl":{"start":{"line":6,"column":24},"end":{"line":6,"column":29}},"loc":{"start":{"line":6,"column":29},"end":{"line":57,"column":1}}},"1":{"name":"(anonymous_1)","decl":{"start":{"line":18,"column":23},"end":{"line":18,"column":26}},"loc":{"start":{"line":18,"column":28},"end":{"line":20,"column":5}}},"2":{"name":"(anonymous_2)","decl":{"start":{"line":47,"column":33},"end":{"line":47,"column":34}},"loc":{"start":{"line":47,"column":36},"end":{"line":47,"column":59}}}},"branchMap":{},"s":{"0":1,"1":1,"2":1,"3":0,"4":0,"5":0,"6":0,"7":0,"8":1},"f":{"0":0,"1":0,"2":0},"b":{}}
,"C:\\Users\\Gobli\\OneDrive\\Desktop\\Projects\\Websites\\coffee\\src\\pages\\home.tsx": {"path":"C:\\Users\\Gobli\\OneDrive\\Desktop\\Projects\\Websites\\coffee\\src\\pages\\home.tsx","statementMap":{"0":{"start":{"line":2,"column":0},"end":{"line":2,"column":38}},"1":{"start":{"line":3,"column":0},"end":{"line":3,"column":44}},"2":{"start":{"line":4,"column":0},"end":{"line":4,"column":61}},"3":{"start":{"line":5,"column":0},"end":{"line":5,"column":54}},"4":{"start":{"line":6,"column":0},"end":{"line":6,"column":49}},"5":{"start":{"line":7,"column":0},"end":{"line":7,"column":47}},"6":{"start":{"line":12,"column":30},"end":{"line":12,"column":49}},"7":{"start":{"line":13,"column":22},"end":{"line":13,"column":33}},"8":{"start":{"line":16,"column":4},"end":{"line":23,"column":null}},"9":{"start":{"line":17,"column":8},"end":{"line":22,"column":null}},"10":{"start":{"line":18,"column":25},"end":{"line":18,"column":35}},"11":{"start":{"line":20,"column":16},"end":{"line":20,"column":null}},"12":{"start":{"line":25,"column":4},"end":{"line":74,"column":null}},"13":{"start":{"line":56,"column":24},"end":{"line":56,"column":60}},"14":{"start":{"line":10,"column":0},"end":{"line":10,"column":24}}},"fnMap":{"0":{"name":"Home","decl":{"start":{"line":10,"column":24},"end":{"line":10,"column":28}},"loc":{"start":{"line":10,"column":28},"end":{"line":75,"column":1}}},"1":{"name":"(anonymous_1)","decl":{"start":{"line":16,"column":14},"end":{"line":16,"column":16}},"loc":{"start":{"line":16,"column":18},"end":{"line":23,"column":5}}},"2":{"name":"(anonymous_2)","decl":{"start":{"line":18,"column":18},"end":{"line":18,"column":21}},"loc":{"start":{"line":18,"column":25},"end":{"line":18,"column":35}}},"3":{"name":"(anonymous_3)","decl":{"start":{"line":19,"column":18},"end":{"line":19,"column":22}},"loc":{"start":{"line":19,"column":25},"end":{"line":22,"column":13}}},"4":{"name":"(anonymous_4)","decl":{"start":{"line":42,"column":22},"end":{"line":42,"column":24}},"loc":{"start":{"line":42,"column":26},"end":{"line":42,"column":28}}},"5":{"name":"(anonymous_5)","decl":{"start":{"line":55,"column":30},"end":{"line":55,"column":31}},"loc":{"start":{"line":56,"column":24},"end":{"line":56,"column":60}}}},"branchMap":{},"s":{"0":1,"1":1,"2":1,"3":1,"4":1,"5":1,"6":0,"7":0,"8":0,"9":0,"10":0,"11":0,"12":0,"13":0,"14":1},"f":{"0":0,"1":0,"2":0,"3":0,"4":0,"5":0},"b":{}}
,"C:\\Users\\Gobli\\OneDrive\\Desktop\\Projects\\Websites\\coffee\\src\\pages\\layout.tsx": {"path":"C:\\Users\\Gobli\\OneDrive\\Desktop\\Projects\\Websites\\coffee\\src\\pages\\layout.tsx","statementMap":{"0":{"start":{"line":1,"column":0},"end":{"line":1,"column":47}},"1":{"start":{"line":2,"column":0},"end":{"line":2,"column":48}},"2":{"start":{"line":3,"column":0},"end":{"line":3,"column":33}},"3":{"start":{"line":4,"column":0},"end":{"line":4,"column":26}},"4":{"start":{"line":5,"column":0},"end":{"line":5,"column":68}},"5":{"start":{"line":6,"column":0},"end":{"line":6,"column":28}},"6":{"start":{"line":7,"column":0},"end":{"line":7,"column":36}},"7":{"start":{"line":8,"column":0},"end":{"line":8,"column":28}},"8":{"start":{"line":9,"column":0},"end":{"line":9,"column":32}},"9":{"start":{"line":10,"column":0},"end":{"line":10,"column":29}},"10":{"start":{"line":11,"column":0},"end":{"line":11,"column":27}},"11":{"start":{"line":17,"column":26},"end":{"line":17,"column":41}},"12":{"start":{"line":18,"column":34},"end":{"line":18,"column":51}},"13":{"start":{"line":19,"column":22},"end":{"line":19,"column":35}},"14":{"start":{"line":21,"column":19},"end":{"line":26,"column":3}},"15":{"start":{"line":23,"column":4},"end":{"line":23,"column":null}},"16":{"start":{"line":24,"column":4},"end":{"line":24,"column":null}},"17":{"start":{"line":29,"column":23},"end":{"line":33,"column":3}},"18":{"start":{"line":31,"column":4},"end":{"line":31,"column":19}},"19":{"start":{"line":35,"column":19},"end":{"line":49,"column":5}},"20":{"start":{"line":37,"column":8},"end":{"line":48,"column":11}},"21":{"start":{"line":51,"column":4},"end":{"line":115,"column":null}},"22":{"start":{"line":61,"column":10},"end":{"line":69,"column":null}},"23":{"start":{"line":64,"column":16},"end":{"line":64,"column":50}},"24":{"start":{"line":75,"column":12},"end":{"line":99,"column":14}},"25":{"start":{"line":15,"column":0},"end":{"line":15,"column":24}}},"fnMap":{"0":{"name":"Layout","decl":{"start":{"line":15,"column":24},"end":{"line":15,"column":30}},"loc":{"start":{"line":15,"column":30},"end":{"line":116,"column":1}}},"1":{"name":"(anonymous_1)","decl":{"start":{"line":21,"column":19},"end":{"line":21,"column":22}},"loc":{"start":{"line":21,"column":24},"end":{"line":26,"column":3}}},"2":{"name":"(anonymous_2)","decl":{"start":{"line":29,"column":23},"end":{"line":29,"column":26}},"loc":{"start":{"line":29,"column":28},"end":{"line":33,"column":3}}},"3":{"name":"(anonymous_3)","decl":{"start":{"line":35,"column":19},"end":{"line":35,"column":22}},"loc":{"start":{"line":35,"column":24},"end":{"line":49,"column":5}}},"4":{"name":"(anonymous_4)","decl":{"start":{"line":60,"column":24},"end":{"line":60,"column":25}},"loc":{"start":{"line":61,"column":10},"end":{"line":69,"column":null}}},"5":{"name":"(anonymous_5)","decl":{"start":{"line":63,"column":23},"end":{"line":63,"column":26}},"loc":{"start":{"line":63,"column":28},"end":{"line":65,"column":15}}},"6":{"name":"(anonymous_6)","decl":{"start":{"line":74,"column":26},"end":{"line":74,"column":27}},"loc":{"start":{"line":74,"column":36},"end":{"line":100,"column":11}}}},"branchMap":{"0":{"loc":{"start":{"line":64,"column":28},"end":{"line":64,"column":48}},"type":"binary-expr","locations":[{"start":{"line":64,"column":28},"end":{"line":64,"column":37}},{"start":{"line":64,"column":41},"end":{"line":64,"column":48}}]},"1":{"loc":{"start":{"line":66,"column":18},"end":{"line":66,"column":31}},"type":"binary-expr","locations":[{"start":{"line":66,"column":18},"end":{"line":66,"column":27}},{"start":{"line":66,"column":29},"end":{"line":66,"column":31}}]},"2":{"loc":{"start":{"line":97,"column":17},"end":{"line":97,"column":46}},"type":"binary-expr","locations":[{"start":{"line":97,"column":17},"end":{"line":97,"column":34}},{"start":{"line":97,"column":38},"end":{"line":97,"column":46}}]}},"s":{"0":1,"1":1,"2":1,"3":1,"4":1,"5":1,"6":1,"7":1,"8":1,"9":1,"10":1,"11":0,"12":0,"13":0,"14":0,"15":0,"16":0,"17":0,"18":0,"19":0,"20":0,"21":0,"22":0,"23":0,"24":0,"25":1},"f":{"0":0,"1":0,"2":0,"3":0,"4":0,"5":0,"6":0},"b":{"0":[0,0],"1":[0,0],"2":[0,0]}}
,"C:\\Users\\Gobli\\OneDrive\\Desktop\\Projects\\Websites\\coffee\\src\\pages\\liked.tsx": {"path":"C:\\Users\\Gobli\\OneDrive\\Desktop\\Projects\\Websites\\coffee\\src\\pages\\liked.tsx","statementMap":{"0":{"start":{"line":2,"column":0},"end":{"line":2,"column":38}},"1":{"start":{"line":3,"column":0},"end":{"line":3,"column":49}},"2":{"start":{"line":4,"column":0},"end":{"line":4,"column":44}},"3":{"start":{"line":5,"column":0},"end":{"line":5,"column":61}},"4":{"start":{"line":7,"column":0},"end":{"line":7,"column":41}},"5":{"start":{"line":13,"column":30},"end":{"line":13,"column":49}},"6":{"start":{"line":14,"column":22},"end":{"line":14,"column":33}},"7":{"start":{"line":16,"column":4},"end":{"line":23,"column":null}},"8":{"start":{"line":17,"column":8},"end":{"line":22,"column":null}},"9":{"start":{"line":18,"column":21},"end":{"line":18,"column":31}},"10":{"start":{"line":20,"column":12},"end":{"line":20,"column":null}},"11":{"start":{"line":25,"column":4},"end":{"line":69,"column":null}},"12":{"start":{"line":55,"column":24},"end":{"line":55,"column":60}},"13":{"start":{"line":11,"column":0},"end":{"line":11,"column":24}}},"fnMap":{"0":{"name":"Liked","decl":{"start":{"line":11,"column":24},"end":{"line":11,"column":29}},"loc":{"start":{"line":11,"column":29},"end":{"line":70,"column":1}}},"1":{"name":"(anonymous_1)","decl":{"start":{"line":16,"column":14},"end":{"line":16,"column":16}},"loc":{"start":{"line":16,"column":18},"end":{"line":23,"column":5}}},"2":{"name":"(anonymous_2)","decl":{"start":{"line":18,"column":14},"end":{"line":18,"column":17}},"loc":{"start":{"line":18,"column":21},"end":{"line":18,"column":31}}},"3":{"name":"(anonymous_3)","decl":{"start":{"line":19,"column":14},"end":{"line":19,"column":18}},"loc":{"start":{"line":19,"column":21},"end":{"line":22,"column":9}}},"4":{"name":"(anonymous_4)","decl":{"start":{"line":41,"column":22},"end":{"line":41,"column":24}},"loc":{"start":{"line":41,"column":26},"end":{"line":41,"column":28}}},"5":{"name":"(anonymous_5)","decl":{"start":{"line":54,"column":30},"end":{"line":54,"column":31}},"loc":{"start":{"line":55,"column":24},"end":{"line":55,"column":60}}}},"branchMap":{"0":{"loc":{"start":{"line":36,"column":13},"end":{"line":58,"column":null}},"type":"cond-expr","locations":[{"start":{"line":36,"column":29},"end":{"line":36,"column":173}},{"start":{"line":37,"column":12},"end":{"line":58,"column":null}}]},"1":{"loc":{"start":{"line":53,"column":24},"end":{"line":56,"column":22}},"type":"cond-expr","locations":[{"start":{"line":53,"column":50},"end":{"line":53,"column":54}},{"start":{"line":54,"column":20},"end":{"line":56,"column":22}}]}},"s":{"0":1,"1":1,"2":1,"3":1,"4":1,"5":0,"6":0,"7":0,"8":0,"9":0,"10":0,"11":0,"12":0,"13":1},"f":{"0":0,"1":0,"2":0,"3":0,"4":0,"5":0},"b":{"0":[0,0],"1":[0,0]}}
,"C:\\Users\\Gobli\\OneDrive\\Desktop\\Projects\\Websites\\coffee\\src\\pages\\login.tsx": {"path":"C:\\Users\\Gobli\\OneDrive\\Desktop\\Projects\\Websites\\coffee\\src\\pages\\login.tsx","statementMap":{"0":{"start":{"line":1,"column":0},"end":{"line":1,"column":79}},"1":{"start":{"line":2,"column":0},"end":{"line":2,"column":28}},"2":{"start":{"line":3,"column":0},"end":{"line":3,"column":28}},"3":{"start":{"line":4,"column":0},"end":{"line":4,"column":52}},"4":{"start":{"line":5,"column":0},"end":{"line":5,"column":43}},"5":{"start":{"line":11,"column":30},"end":{"line":11,"column":49}},"6":{"start":{"line":12,"column":36},"end":{"line":12,"column":51}},"7":{"start":{"line":14,"column":37},"end":{"line":14,"column":49}},"8":{"start":{"line":15,"column":39},"end":{"line":15,"column":51}},"9":{"start":{"line":17,"column":4},"end":{"line":30,"column":null}},"10":{"start":{"line":18,"column":8},"end":{"line":23,"column":9}},"11":{"start":{"line":19,"column":12},"end":{"line":19,"column":null}},"12":{"start":{"line":22,"column":12},"end":{"line":22,"column":null}},"13":{"start":{"line":24,"column":8},"end":{"line":29,"column":9}},"14":{"start":{"line":25,"column":12},"end":{"line":25,"column":null}},"15":{"start":{"line":28,"column":12},"end":{"line":28,"column":null}},"16":{"start":{"line":33,"column":4},"end":{"line":43,"column":null}},"17":{"start":{"line":34,"column":8},"end":{"line":41,"column":null}},"18":{"start":{"line":35,"column":12},"end":{"line":40,"column":null}},"19":{"start":{"line":36,"column":21},"end":{"line":36,"column":31}},"20":{"start":{"line":38,"column":12},"end":{"line":38,"column":null}},"21":{"start":{"line":39,"column":12},"end":{"line":39,"column":null}},"22":{"start":{"line":47,"column":34},"end":{"line":47,"column":49}},"23":{"start":{"line":56,"column":24},"end":{"line":56,"column":37}},"24":{"start":{"line":64,"column":4},"end":{"line":65,"column":null}},"25":{"start":{"line":67,"column":4},"end":{"line":67,"column":null}},"26":{"start":{"line":69,"column":21},"end":{"line":95,"column":9}},"27":{"start":{"line":74,"column":8},"end":{"line":74,"column":null}},"28":{"start":{"line":75,"column":8},"end":{"line":75,"column":null}},"29":{"start":{"line":78,"column":8},"end":{"line":93,"column":16}},"30":{"start":{"line":80,"column":12},"end":{"line":80,"column":null}},"31":{"start":{"line":81,"column":12},"end":{"line":92,"column":null}},"32":{"start":{"line":83,"column":12},"end":{"line":91,"column":17}},"33":{"start":{"line":86,"column":16},"end":{"line":86,"column":null}},"34":{"start":{"line":90,"column":16},"end":{"line":90,"column":null}},"35":{"start":{"line":98,"column":4},"end":{"line":149,"column":null}},"36":{"start":{"line":126,"column":91},"end":{"line":126,"column":121}},"37":{"start":{"line":130,"column":100},"end":{"line":130,"column":130}},"38":{"start":{"line":9,"column":0},"end":{"line":9,"column":24}}},"fnMap":{"0":{"name":"Login","decl":{"start":{"line":9,"column":24},"end":{"line":9,"column":29}},"loc":{"start":{"line":9,"column":29},"end":{"line":150,"column":1}}},"1":{"name":"(anonymous_1)","decl":{"start":{"line":17,"column":14},"end":{"line":17,"column":16}},"loc":{"start":{"line":17,"column":18},"end":{"line":30,"column":5}}},"2":{"name":"(anonymous_2)","decl":{"start":{"line":33,"column":14},"end":{"line":33,"column":16}},"loc":{"start":{"line":33,"column":18},"end":{"line":43,"column":5}}},"3":{"name":"(anonymous_3)","decl":{"start":{"line":34,"column":19},"end":{"line":34,"column":21}},"loc":{"start":{"line":34,"column":23},"end":{"line":41,"column":9}}},"4":{"name":"(anonymous_4)","decl":{"start":{"line":36,"column":14},"end":{"line":36,"column":17}},"loc":{"start":{"line":36,"column":21},"end":{"line":36,"column":31}}},"5":{"name":"(anonymous_5)","decl":{"start":{"line":37,"column":14},"end":{"line":37,"column":18}},"loc":{"start":{"line":37,"column":21},"end":{"line":40,"column":9}}},"6":{"name":"(anonymous_6)","decl":{"start":{"line":64,"column":14},"end":{"line":64,"column":16}},"loc":{"start":{"line":64,"column":18},"end":{"line":65,"column":5}}},"7":{"name":"(anonymous_7)","decl":{"start":{"line":69,"column":21},"end":{"line":69,"column":24}},"loc":{"start":{"line":69,"column":26},"end":{"line":95,"column":9}}},"8":{"name":"(anonymous_8)","decl":{"start":{"line":78,"column":19},"end":{"line":78,"column":22}},"loc":{"start":{"line":78,"column":24},"end":{"line":93,"column":9}}},"9":{"name":"(anonymous_9)","decl":{"start":{"line":81,"column":22},"end":{"line":81,"column":23}},"loc":{"start":{"line":81,"column":30},"end":{"line":92,"column":13}}},"10":{"name":"(anonymous_10)","decl":{"start":{"line":126,"column":88},"end":{"line":126,"column":89}},"loc":{"start":{"line":126,"column":91},"end":{"line":126,"column":121}}},"11":{"name":"(anonymous_11)","decl":{"start":{"line":130,"column":97},"end":{"line":130,"column":98}},"loc":{"start":{"line":130,"column":100},"end":{"line":130,"column":130}}}},"branchMap":{"0":{"loc":{"start":{"line":18,"column":8},"end":{"line":23,"column":9}},"type":"if","locations":[{"start":{"line":18,"column":8},"end":{"line":23,"column":9}},{"start":{"line":21,"column":12},"end":{"line":23,"column":9}}]},"1":{"loc":{"start":{"line":24,"column":8},"end":{"line":29,"column":9}},"type":"if","locations":[{"start":{"line":24,"column":8},"end":{"line":29,"column":9}},{"start":{"line":27,"column":12},"end":{"line":29,"column":9}}]},"2":{"loc":{"start":{"line":83,"column":12},"end":{"line":91,"column":17}},"type":"if","locations":[{"start":{"line":83,"column":12},"end":{"line":91,"column":17}},{"start":{"line":88,"column":16},"end":{"line":91,"column":17}}]},"3":{"loc":{"start":{"line":83,"column":15},"end":{"line":83,"column":71}},"type":"binary-expr","locations":[{"start":{"line":83,"column":15},"end":{"line":83,"column":41}},{"start":{"line":83,"column":45},"end":{"line":83,"column":71}}]}},"s":{"0":1,"1":1,"2":1,"3":1,"4":1,"5":1,"6":1,"7":1,"8":1,"9":1,"10":1,"11":1,"12":0,"13":1,"14":1,"15":0,"16":1,"17":1,"18":0,"19":0,"20":0,"21":0,"22":1,"23":1,"24":1,"25":1,"26":1,"27":0,"28":0,"29":0,"30":0,"31":0,"32":0,"33":0,"34":0,"35":1,"36":0,"37":0,"38":1},"f":{"0":1,"1":1,"2":1,"3":0,"4":0,"5":0,"6":1,"7":0,"8":0,"9":0,"10":0,"11":0},"b":{"0":[1,0],"1":[1,0],"2":[0,0],"3":[0,0]}}
,"C:\\Users\\Gobli\\OneDrive\\Desktop\\Projects\\Websites\\coffee\\src\\pages\\posts.tsx": {"path":"C:\\Users\\Gobli\\OneDrive\\Desktop\\Projects\\Websites\\coffee\\src\\pages\\posts.tsx","statementMap":{"0":{"start":{"line":1,"column":0},"end":{"line":1,"column":51}},"1":{"start":{"line":3,"column":0},"end":{"line":3,"column":59}},"2":{"start":{"line":18,"column":22},"end":{"line":97,"column":1}},"3":{"start":{"line":20,"column":28},"end":{"line":20,"column":47}},"4":{"start":{"line":21,"column":20},"end":{"line":21,"column":31}},"5":{"start":{"line":23,"column":2},"end":{"line":30,"column":null}},"6":{"start":{"line":24,"column":4},"end":{"line":29,"column":null}},"7":{"start":{"line":25,"column":25},"end":{"line":25,"column":35}},"8":{"start":{"line":27,"column":16},"end":{"line":27,"column":null}},"9":{"start":{"line":33,"column":28},"end":{"line":64,"column":3}},"10":{"start":{"line":34,"column":56},"end":{"line":52,"column":6}},"11":{"start":{"line":35,"column":67},"end":{"line":35,"column":79}},"12":{"start":{"line":38,"column":22},"end":{"line":38,"column":27}},"13":{"start":{"line":46,"column":10},"end":{"line":48,"column":null}},"14":{"start":{"line":54,"column":17},"end":{"line":54,"column":19}},"15":{"start":{"line":56,"column":4},"end":{"line":61,"column":13}},"16":{"start":{"line":62,"column":4},"end":{"line":62,"column":76}},"17":{"start":{"line":66,"column":46},"end":{"line":69,"column":4}},"18":{"start":{"line":71,"column":27},"end":{"line":71,"column":29}},"19":{"start":{"line":72,"column":2},"end":{"line":79,"column":null}},"20":{"start":{"line":73,"column":4},"end":{"line":76,"column":11}},"21":{"start":{"line":81,"column":2},"end":{"line":96,"column":4}},"22":{"start":{"line":84,"column":37},"end":{"line":84,"column":105}},"23":{"start":{"line":99,"column":0},"end":{"line":99,"column":19}}},"fnMap":{"0":{"name":"(anonymous_0)","decl":{"start":{"line":18,"column":22},"end":{"line":18,"column":25}},"loc":{"start":{"line":18,"column":27},"end":{"line":97,"column":1}}},"1":{"name":"(anonymous_1)","decl":{"start":{"line":23,"column":12},"end":{"line":23,"column":14}},"loc":{"start":{"line":23,"column":16},"end":{"line":30,"column":5}}},"2":{"name":"(anonymous_2)","decl":{"start":{"line":25,"column":18},"end":{"line":25,"column":21}},"loc":{"start":{"line":25,"column":25},"end":{"line":25,"column":35}}},"3":{"name":"(anonymous_3)","decl":{"start":{"line":26,"column":18},"end":{"line":26,"column":22}},"loc":{"start":{"line":26,"column":25},"end":{"line":29,"column":13}}},"4":{"name":"(anonymous_4)","decl":{"start":{"line":33,"column":28},"end":{"line":33,"column":31}},"loc":{"start":{"line":33,"column":33},"end":{"line":64,"column":3}}},"5":{"name":"(anonymous_5)","decl":{"start":{"line":35,"column":63},"end":{"line":35,"column":65}},"loc":{"start":{"line":35,"column":67},"end":{"line":35,"column":79}}},"6":{"name":"(anonymous_6)","decl":{"start":{"line":38,"column":16},"end":{"line":38,"column":19}},"loc":{"start":{"line":38,"column":22},"end":{"line":38,"column":27}}},"7":{"name":"(anonymous_7)","decl":{"start":{"line":45,"column":16},"end":{"line":45,"column":19}},"loc":{"start":{"line":46,"column":10},"end":{"line":48,"column":null}}},"8":{"name":"(anonymous_8)","decl":{"start":{"line":72,"column":12},"end":{"line":72,"column":13}},"loc":{"start":{"line":72,"column":25},"end":{"line":79,"column":1}}},"9":{"name":"(anonymous_9)","decl":{"start":{"line":84,"column":33},"end":{"line":84,"column":35}},"loc":{"start":{"line":84,"column":37},"end":{"line":84,"column":105}}}},"branchMap":{"0":{"loc":{"start":{"line":85,"column":7},"end":{"line":89,"column":null}},"type":"cond-expr","locations":[{"start":{"line":85,"column":33},"end":{"line":85,"column":37}},{"start":{"line":86,"column":6},"end":{"line":89,"column":null}}]}},"s":{"0":1,"1":1,"2":1,"3":0,"4":0,"5":0,"6":0,"7":0,"8":0,"9":0,"10":0,"11":0,"12":0,"13":0,"14":0,"15":0,"16":0,"17":0,"18":0,"19":0,"20":0,"21":0,"22":0,"23":1},"f":{"0":0,"1":0,"2":0,"3":0,"4":0,"5":0,"6":0,"7":0,"8":0,"9":0},"b":{"0":[0,0]}}
,"C:\\Users\\Gobli\\OneDrive\\Desktop\\Projects\\Websites\\coffee\\src\\pages\\profile.tsx": {"path":"C:\\Users\\Gobli\\OneDrive\\Desktop\\Projects\\Websites\\coffee\\src\\pages\\profile.tsx","statementMap":{"0":{"start":{"line":1,"column":0},"end":{"line":1,"column":95}},"1":{"start":{"line":2,"column":0},"end":{"line":2,"column":44}},"2":{"start":{"line":3,"column":0},"end":{"line":3,"column":78}},"3":{"start":{"line":4,"column":0},"end":{"line":4,"column":47}},"4":{"start":{"line":10,"column":22},"end":{"line":10,"column":35}},"5":{"start":{"line":12,"column":20},"end":{"line":12,"column":31}},"6":{"start":{"line":13,"column":26},"end":{"line":13,"column":45}},"7":{"start":{"line":14,"column":26},"end":{"line":14,"column":41}},"8":{"start":{"line":16,"column":30},"end":{"line":16,"column":42}},"9":{"start":{"line":17,"column":32},"end":{"line":17,"column":47}},"10":{"start":{"line":18,"column":34},"end":{"line":18,"column":46}},"11":{"start":{"line":19,"column":34},"end":{"line":19,"column":46}},"12":{"start":{"line":21,"column":21},"end":{"line":24,"column":3}},"13":{"start":{"line":22,"column":4},"end":{"line":22,"column":18}},"14":{"start":{"line":26,"column":18},"end":{"line":28,"column":3}},"15":{"start":{"line":27,"column":4},"end":{"line":27,"column":19}},"16":{"start":{"line":30,"column":2},"end":{"line":54,"column":null}},"17":{"start":{"line":31,"column":4},"end":{"line":52,"column":null}},"18":{"start":{"line":36,"column":6},"end":{"line":47,"column":null}},"19":{"start":{"line":40,"column":6},"end":{"line":42,"column":7}},"20":{"start":{"line":41,"column":6},"end":{"line":41,"column":24}},"21":{"start":{"line":45,"column":6},"end":{"line":45,"column":null}},"22":{"start":{"line":46,"column":6},"end":{"line":46,"column":null}},"23":{"start":{"line":49,"column":6},"end":{"line":49,"column":null}},"24":{"start":{"line":49,"column":24},"end":{"line":49,"column":42}},"25":{"start":{"line":50,"column":6},"end":{"line":50,"column":null}},"26":{"start":{"line":51,"column":6},"end":{"line":51,"column":null}},"27":{"start":{"line":66,"column":17},"end":{"line":95,"column":3}},"28":{"start":{"line":67,"column":4},"end":{"line":67,"column":null}},"29":{"start":{"line":76,"column":8},"end":{"line":78,"column":null}},"30":{"start":{"line":77,"column":8},"end":{"line":77,"column":26}},"31":{"start":{"line":79,"column":6},"end":{"line":79,"column":null}},"32":{"start":{"line":80,"column":6},"end":{"line":91,"column":null}},"33":{"start":{"line":81,"column":8},"end":{"line":81,"column":null}},"34":{"start":{"line":82,"column":8},"end":{"line":86,"column":null}},"35":{"start":{"line":87,"column":6},"end":{"line":87,"column":null}},"36":{"start":{"line":88,"column":6},"end":{"line":88,"column":null}},"37":{"start":{"line":89,"column":6},"end":{"line":89,"column":null}},"38":{"start":{"line":97,"column":16},"end":{"line":103,"column":3}},"39":{"start":{"line":98,"column":4},"end":{"line":102,"column":null}},"40":{"start":{"line":99,"column":6},"end":{"line":99,"column":null}},"41":{"start":{"line":100,"column":6},"end":{"line":100,"column":null}},"42":{"start":{"line":105,"column":24},"end":{"line":116,"column":3}},"43":{"start":{"line":106,"column":4},"end":{"line":115,"column":null}},"44":{"start":{"line":118,"column":23},"end":{"line":149,"column":3}},"45":{"start":{"line":119,"column":4},"end":{"line":119,"column":null}},"46":{"start":{"line":131,"column":4},"end":{"line":133,"column":null}},"47":{"start":{"line":132,"column":6},"end":{"line":132,"column":24}},"48":{"start":{"line":134,"column":4},"end":{"line":144,"column":null}},"49":{"start":{"line":135,"column":6},"end":{"line":135,"column":null}},"50":{"start":{"line":136,"column":6},"end":{"line":138,"column":null}},"51":{"start":{"line":140,"column":6},"end":{"line":142,"column":null}},"52":{"start":{"line":141,"column":6},"end":{"line":141,"column":null}},"53":{"start":{"line":151,"column":19},"end":{"line":154,"column":3}},"54":{"start":{"line":152,"column":4},"end":{"line":152,"column":null}},"55":{"start":{"line":153,"column":4},"end":{"line":153,"column":null}},"56":{"start":{"line":157,"column":2},"end":{"line":237,"column":null}},"57":{"start":{"line":163,"column":8},"end":{"line":163,"column":29}},"58":{"start":{"line":211,"column":92},"end":{"line":211,"column":119}},"59":{"start":{"line":213,"column":92},"end":{"line":213,"column":119}},"60":{"start":{"line":8,"column":0},"end":{"line":8,"column":24}}},"fnMap":{"0":{"name":"Profile","decl":{"start":{"line":8,"column":24},"end":{"line":8,"column":31}},"loc":{"start":{"line":8,"column":31},"end":{"line":238,"column":1}}},"1":{"name":"(anonymous_1)","decl":{"start":{"line":21,"column":21},"end":{"line":21,"column":24}},"loc":{"start":{"line":21,"column":26},"end":{"line":24,"column":3}}},"2":{"name":"(anonymous_2)","decl":{"start":{"line":26,"column":18},"end":{"line":26,"column":21}},"loc":{"start":{"line":26,"column":23},"end":{"line":28,"column":3}}},"3":{"name":"(anonymous_3)","decl":{"start":{"line":30,"column":12},"end":{"line":30,"column":14}},"loc":{"start":{"line":30,"column":16},"end":{"line":54,"column":3}}},"4":{"name":"(anonymous_4)","decl":{"start":{"line":31,"column":15},"end":{"line":31,"column":17}},"loc":{"start":{"line":31,"column":19},"end":{"line":52,"column":5}}},"5":{"name":"(anonymous_5)","decl":{"start":{"line":39,"column":14},"end":{"line":39,"column":17}},"loc":{"start":{"line":39,"column":20},"end":{"line":44,"column":5}}},"6":{"name":"(anonymous_6)","decl":{"start":{"line":44,"column":12},"end":{"line":44,"column":17}},"loc":{"start":{"line":44,"column":20},"end":{"line":47,"column":5}}},"7":{"name":"(anonymous_7)","decl":{"start":{"line":49,"column":15},"end":{"line":49,"column":16}},"loc":{"start":{"line":49,"column":24},"end":{"line":49,"column":42}}},"8":{"name":"(anonymous_8)","decl":{"start":{"line":66,"column":17},"end":{"line":66,"column":20}},"loc":{"start":{"line":66,"column":22},"end":{"line":95,"column":3}}},"9":{"name":"(anonymous_9)","decl":{"start":{"line":76,"column":17},"end":{"line":76,"column":18}},"loc":{"start":{"line":77,"column":8},"end":{"line":77,"column":26}}},"10":{"name":"(anonymous_10)","decl":{"start":{"line":80,"column":17},"end":{"line":80,"column":19}},"loc":{"start":{"line":80,"column":21},"end":{"line":91,"column":7}}},"11":{"name":"(anonymous_11)","decl":{"start":{"line":97,"column":16},"end":{"line":97,"column":19}},"loc":{"start":{"line":97,"column":21},"end":{"line":103,"column":3}}},"12":{"name":"(anonymous_12)","decl":{"start":{"line":98,"column":15},"end":{"line":98,"column":17}},"loc":{"start":{"line":98,"column":19},"end":{"line":102,"column":5}}},"13":{"name":"(anonymous_13)","decl":{"start":{"line":105,"column":24},"end":{"line":105,"column":27}},"loc":{"start":{"line":105,"column":29},"end":{"line":116,"column":3}}},"14":{"name":"(anonymous_14)","decl":{"start":{"line":118,"column":23},"end":{"line":118,"column":26}},"loc":{"start":{"line":118,"column":28},"end":{"line":149,"column":3}}},"15":{"name":"(anonymous_15)","decl":{"start":{"line":131,"column":13},"end":{"line":131,"column":14}},"loc":{"start":{"line":132,"column":6},"end":{"line":132,"column":24}}},"16":{"name":"(anonymous_16)","decl":{"start":{"line":134,"column":15},"end":{"line":134,"column":17}},"loc":{"start":{"line":134,"column":19},"end":{"line":144,"column":5}}},"17":{"name":"(anonymous_17)","decl":{"start":{"line":140,"column":17},"end":{"line":140,"column":19}},"loc":{"start":{"line":140,"column":21},"end":{"line":142,"column":7}}},"18":{"name":"(anonymous_18)","decl":{"start":{"line":151,"column":19},"end":{"line":151,"column":22}},"loc":{"start":{"line":151,"column":24},"end":{"line":154,"column":3}}},"19":{"name":"(anonymous_19)","decl":{"start":{"line":161,"column":15},"end":{"line":161,"column":16}},"loc":{"start":{"line":163,"column":8},"end":{"line":163,"column":29}}},"20":{"name":"(anonymous_20)","decl":{"start":{"line":211,"column":89},"end":{"line":211,"column":90}},"loc":{"start":{"line":211,"column":92},"end":{"line":211,"column":119}}},"21":{"name":"(anonymous_21)","decl":{"start":{"line":213,"column":89},"end":{"line":213,"column":90}},"loc":{"start":{"line":213,"column":92},"end":{"line":213,"column":119}}}},"branchMap":{"0":{"loc":{"start":{"line":40,"column":6},"end":{"line":42,"column":7}},"type":"if","locations":[{"start":{"line":40,"column":6},"end":{"line":42,"column":7}}]}},"s":{"0":1,"1":1,"2":1,"3":1,"4":0,"5":0,"6":0,"7":0,"8":0,"9":0,"10":0,"11":0,"12":0,"13":0,"14":0,"15":0,"16":0,"17":0,"18":0,"19":0,"20":0,"21":0,"22":0,"23":0,"24":0,"25":0,"26":0,"27":0,"28":0,"29":0,"30":0,"31":0,"32":0,"33":0,"34":0,"35":0,"36":0,"37":0,"38":0,"39":0,"40":0,"41":0,"42":0,"43":0,"44":0,"45":0,"46":0,"47":0,"48":0,"49":0,"50":0,"51":0,"52":0,"53":0,"54":0,"55":0,"56":0,"57":0,"58":0,"59":0,"60":1},"f":{"0":0,"1":0,"2":0,"3":0,"4":0,"5":0,"6":0,"7":0,"8":0,"9":0,"10":0,"11":0,"12":0,"13":0,"14":0,"15":0,"16":0,"17":0,"18":0,"19":0,"20":0,"21":0},"b":{"0":[0]}}
,"C:\\Users\\Gobli\\OneDrive\\Desktop\\Projects\\Websites\\coffee\\src\\pages\\signup.tsx": {"path":"C:\\Users\\Gobli\\OneDrive\\Desktop\\Projects\\Websites\\coffee\\src\\pages\\signup.tsx","statementMap":{"0":{"start":{"line":1,"column":0},"end":{"line":1,"column":88}},"1":{"start":{"line":2,"column":0},"end":{"line":2,"column":28}},"2":{"start":{"line":3,"column":0},"end":{"line":3,"column":28}},"3":{"start":{"line":4,"column":0},"end":{"line":4,"column":52}},"4":{"start":{"line":5,"column":0},"end":{"line":5,"column":43}},"5":{"start":{"line":10,"column":34},"end":{"line":10,"column":49}},"6":{"start":{"line":12,"column":36},"end":{"line":12,"column":48}},"7":{"start":{"line":13,"column":20},"end":{"line":13,"column":33}},"8":{"start":{"line":14,"column":30},"end":{"line":14,"column":42}},"9":{"start":{"line":15,"column":36},"end":{"line":15,"column":48}},"10":{"start":{"line":16,"column":36},"end":{"line":16,"column":48}},"11":{"start":{"line":17,"column":24},"end":{"line":17,"column":37}},"12":{"start":{"line":18,"column":16},"end":{"line":18,"column":62}},"13":{"start":{"line":19,"column":4},"end":{"line":19,"column":null}},"14":{"start":{"line":20,"column":36},"end":{"line":20,"column":51}},"15":{"start":{"line":21,"column":28},"end":{"line":21,"column":43}},"16":{"start":{"line":22,"column":36},"end":{"line":22,"column":51}},"17":{"start":{"line":26,"column":4},"end":{"line":66,"column":null}},"18":{"start":{"line":27,"column":8},"end":{"line":32,"column":9}},"19":{"start":{"line":28,"column":12},"end":{"line":28,"column":null}},"20":{"start":{"line":31,"column":12},"end":{"line":31,"column":null}},"21":{"start":{"line":33,"column":8},"end":{"line":38,"column":9}},"22":{"start":{"line":34,"column":12},"end":{"line":34,"column":null}},"23":{"start":{"line":37,"column":12},"end":{"line":37,"column":null}},"24":{"start":{"line":39,"column":8},"end":{"line":41,"column":9}},"25":{"start":{"line":40,"column":12},"end":{"line":40,"column":null}},"26":{"start":{"line":42,"column":8},"end":{"line":48,"column":9}},"27":{"start":{"line":43,"column":12},"end":{"line":43,"column":null}},"28":{"start":{"line":44,"column":12},"end":{"line":44,"column":null}},"29":{"start":{"line":47,"column":12},"end":{"line":47,"column":null}},"30":{"start":{"line":50,"column":8},"end":{"line":52,"column":9}},"31":{"start":{"line":51,"column":12},"end":{"line":51,"column":null}},"32":{"start":{"line":56,"column":8},"end":{"line":58,"column":9}},"33":{"start":{"line":57,"column":12},"end":{"line":57,"column":null}},"34":{"start":{"line":59,"column":8},"end":{"line":61,"column":9}},"35":{"start":{"line":60,"column":12},"end":{"line":60,"column":null}},"36":{"start":{"line":62,"column":8},"end":{"line":64,"column":9}},"37":{"start":{"line":63,"column":12},"end":{"line":63,"column":null}},"38":{"start":{"line":68,"column":17},"end":{"line":82,"column":5}},"39":{"start":{"line":71,"column":8},"end":{"line":71,"column":null}},"40":{"start":{"line":72,"column":8},"end":{"line":81,"column":17}},"41":{"start":{"line":73,"column":12},"end":{"line":73,"column":null}},"42":{"start":{"line":74,"column":12},"end":{"line":80,"column":null}},"43":{"start":{"line":84,"column":21},"end":{"line":97,"column":5}},"44":{"start":{"line":85,"column":8},"end":{"line":95,"column":9}},"45":{"start":{"line":86,"column":12},"end":{"line":86,"column":52}},"46":{"start":{"line":89,"column":12},"end":{"line":89,"column":null}},"47":{"start":{"line":90,"column":12},"end":{"line":90,"column":null}},"48":{"start":{"line":91,"column":12},"end":{"line":94,"column":13}},"49":{"start":{"line":92,"column":12},"end":{"line":92,"column":null}},"50":{"start":{"line":93,"column":12},"end":{"line":93,"column":null}},"51":{"start":{"line":100,"column":4},"end":{"line":154,"column":null}},"52":{"start":{"line":119,"column":97},"end":{"line":119,"column":121}},"53":{"start":{"line":123,"column":87},"end":{"line":123,"column":114}},"54":{"start":{"line":127,"column":87},"end":{"line":127,"column":114}},"55":{"start":{"line":133,"column":96},"end":{"line":133,"column":123}},"56":{"start":{"line":8,"column":0},"end":{"line":8,"column":24}}},"fnMap":{"0":{"name":"SignUp","decl":{"start":{"line":8,"column":24},"end":{"line":8,"column":30}},"loc":{"start":{"line":8,"column":30},"end":{"line":155,"column":1}}},"1":{"name":"(anonymous_1)","decl":{"start":{"line":26,"column":14},"end":{"line":26,"column":16}},"loc":{"start":{"line":26,"column":18},"end":{"line":66,"column":5}}},"2":{"name":"(anonymous_2)","decl":{"start":{"line":68,"column":17},"end":{"line":68,"column":19}},"loc":{"start":{"line":68,"column":21},"end":{"line":82,"column":5}}},"3":{"name":"(anonymous_3)","decl":{"start":{"line":72,"column":19},"end":{"line":72,"column":22}},"loc":{"start":{"line":72,"column":24},"end":{"line":81,"column":9}}},"4":{"name":"(anonymous_4)","decl":{"start":{"line":84,"column":21},"end":{"line":84,"column":24}},"loc":{"start":{"line":84,"column":26},"end":{"line":97,"column":5}}},"5":{"name":"(anonymous_5)","decl":{"start":{"line":91,"column":23},"end":{"line":91,"column":26}},"loc":{"start":{"line":91,"column":28},"end":{"line":94,"column":5}}},"6":{"name":"(anonymous_6)","decl":{"start":{"line":119,"column":94},"end":{"line":119,"column":95}},"loc":{"start":{"line":119,"column":97},"end":{"line":119,"column":121}}},"7":{"name":"(anonymous_7)","decl":{"start":{"line":123,"column":84},"end":{"line":123,"column":85}},"loc":{"start":{"line":123,"column":87},"end":{"line":123,"column":114}}},"8":{"name":"(anonymous_8)","decl":{"start":{"line":127,"column":84},"end":{"line":127,"column":85}},"loc":{"start":{"line":127,"column":87},"end":{"line":127,"column":114}}},"9":{"name":"(anonymous_9)","decl":{"start":{"line":133,"column":93},"end":{"line":133,"column":94}},"loc":{"start":{"line":133,"column":96},"end":{"line":133,"column":123}}}},"branchMap":{"0":{"loc":{"start":{"line":27,"column":8},"end":{"line":32,"column":9}},"type":"if","locations":[{"start":{"line":27,"column":8},"end":{"line":32,"column":9}},{"start":{"line":30,"column":12},"end":{"line":32,"column":9}}]},"1":{"loc":{"start":{"line":33,"column":8},"end":{"line":38,"column":9}},"type":"if","locations":[{"start":{"line":33,"column":8},"end":{"line":38,"column":9}},{"start":{"line":36,"column":12},"end":{"line":38,"column":9}}]},"2":{"loc":{"start":{"line":39,"column":8},"end":{"line":41,"column":9}},"type":"if","locations":[{"start":{"line":39,"column":8},"end":{"line":41,"column":9}}]},"3":{"loc":{"start":{"line":42,"column":8},"end":{"line":48,"column":9}},"type":"if","locations":[{"start":{"line":42,"column":8},"end":{"line":48,"column":9}},{"start":{"line":46,"column":12},"end":{"line":48,"column":9}}]},"4":{"loc":{"start":{"line":50,"column":8},"end":{"line":52,"column":9}},"type":"if","locations":[{"start":{"line":50,"column":8},"end":{"line":52,"column":9}}]},"5":{"loc":{"start":{"line":56,"column":8},"end":{"line":58,"column":9}},"type":"if","locations":[{"start":{"line":56,"column":8},"end":{"line":58,"column":9}}]},"6":{"loc":{"start":{"line":59,"column":8},"end":{"line":61,"column":9}},"type":"if","locations":[{"start":{"line":59,"column":8},"end":{"line":61,"column":9}}]},"7":{"loc":{"start":{"line":62,"column":8},"end":{"line":64,"column":9}},"type":"if","locations":[{"start":{"line":62,"column":8},"end":{"line":64,"column":9}}]},"8":{"loc":{"start":{"line":85,"column":8},"end":{"line":95,"column":9}},"type":"if","locations":[{"start":{"line":85,"column":8},"end":{"line":95,"column":9}},{"start":{"line":88,"column":12},"end":{"line":95,"column":9}}]},"9":{"loc":{"start":{"line":85,"column":12},"end":{"line":85,"column":63}},"type":"binary-expr","locations":[{"start":{"line":85,"column":12},"end":{"line":85,"column":24}},{"start":{"line":85,"column":26},"end":{"line":85,"column":35}},{"start":{"line":85,"column":37},"end":{"line":85,"column":49}},{"start":{"line":85,"column":51},"end":{"line":85,"column":63}}]}},"s":{"0":1,"1":1,"2":1,"3":1,"4":1,"5":0,"6":0,"7":0,"8":0,"9":0,"10":0,"11":0,"12":0,"13":0,"14":0,"15":0,"16":0,"17":0,"18":0,"19":0,"20":0,"21":0,"22":0,"23":0,"24":0,"25":0,"26":0,"27":0,"28":0,"29":0,"30":0,"31":0,"32":0,"33":0,"34":0,"35":0,"36":0,"37":0,"38":0,"39":0,"40":0,"41":0,"42":0,"43":0,"44":0,"45":0,"46":0,"47":0,"48":0,"49":0,"50":0,"51":0,"52":0,"53":0,"54":0,"55":0,"56":1},"f":{"0":0,"1":0,"2":0,"3":0,"4":0,"5":0,"6":0,"7":0,"8":0,"9":0},"b":{"0":[0,0],"1":[0,0],"2":[0],"3":[0,0],"4":[0],"5":[0],"6":[0],"7":[0],"8":[0,0],"9":[0,0,0,0]}}
,"C:\\Users\\Gobli\\OneDrive\\Desktop\\Projects\\Websites\\coffee\\src\\pages\\success.tsx": {"path":"C:\\Users\\Gobli\\OneDrive\\Desktop\\Projects\\Websites\\coffee\\src\\pages\\success.tsx","statementMap":{"0":{"start":{"line":1,"column":0},"end":{"line":1,"column":54}},"1":{"start":{"line":2,"column":0},"end":{"line":2,"column":47}},"2":{"start":{"line":7,"column":24},"end":{"line":7,"column":37}},"3":{"start":{"line":8,"column":17},"end":{"line":10,"column":5}},"4":{"start":{"line":9,"column":8},"end":{"line":9,"column":null}},"5":{"start":{"line":11,"column":4},"end":{"line":32,"column":null}},"6":{"start":{"line":5,"column":0},"end":{"line":5,"column":24}}},"fnMap":{"0":{"name":"Success","decl":{"start":{"line":5,"column":24},"end":{"line":5,"column":31}},"loc":{"start":{"line":5,"column":31},"end":{"line":33,"column":1}}},"1":{"name":"(anonymous_1)","decl":{"start":{"line":8,"column":17},"end":{"line":8,"column":19}},"loc":{"start":{"line":8,"column":21},"end":{"line":10,"column":5}}}},"branchMap":{},"s":{"0":1,"1":1,"2":0,"3":0,"4":0,"5":0,"6":1},"f":{"0":0,"1":0},"b":{}}
}
